<?xml version="1.0" encoding="UTF-8"?>
<!-- Generated by org.testng.reporters.JUnitReportReporter -->
<testsuite hostname="LAPTOP-Q9NI5B1S" failures="0" tests="1" name="AmazonWebpage.goSignUpPage6" time="34.839" errors="0" timestamp="2022-11-15T23:07:07 EST" skipped="0">
  <testcase classname="AmazonWebpage.goSignUpPage6" name="goSignUpPage" time="34.839"/>
  <system-out/>
</testsuite> <!-- AmazonWebpage.goSignUpPage6 -->
