<?xml version="1.0" encoding="UTF-8"?>
<!-- Generated by org.testng.reporters.JUnitReportReporter -->
<testsuite hostname="LAPTOP-Q9NI5B1S" failures="0" tests="1" name="AmazonWebpage.goSignUpPage5" time="0.937" errors="0" timestamp="2022-11-17T17:03:47 EST" skipped="0">
  <testcase classname="AmazonWebpage.goSignUpPage5" name="noMatchingPassword" time="0.937"/>
  <system-out/>
</testsuite> <!-- AmazonWebpage.goSignUpPage5 -->
