<?xml version="1.0" encoding="UTF-8"?>
<!-- Generated by org.testng.reporters.JUnitReportReporter -->
<testsuite hostname="LAPTOP-Q9NI5B1S" failures="0" tests="1" name="AmazonWebpage.goAmazonSignUpPage" time="3.972" errors="0" timestamp="2022-11-18T21:44:20 EST" skipped="0">
  <testcase classname="AmazonWebpage.goAmazonSignUpPage" name="blankInfoNoSignIn" time="3.972"/>
  <system-out/>
</testsuite> <!-- AmazonWebpage.goAmazonSignUpPage -->
