<?xml version="1.0" encoding="UTF-8"?>
<!-- Generated by org.testng.reporters.JUnitReportReporter -->
<testsuite hostname="LAPTOP-Q9NI5B1S" failures="0" tests="1" name="AmazonWebpage.gotest" time="0.829" errors="0" timestamp="2022-11-16T00:22:28 EST" skipped="0">
  <testcase classname="AmazonWebpage.gotest" name="blankInfoNoSignIn" time="0.829"/>
  <system-out/>
</testsuite> <!-- AmazonWebpage.gotest -->
