<?xml version="1.0" encoding="UTF-8"?>
<!-- Generated by org.testng.reporters.JUnitReportReporter -->
<testsuite hostname="LAPTOP-Q9NI5B1S" failures="0" tests="2" name="AmazonWebpage.goSignUpPage3" time="54.855" errors="0" timestamp="2022-11-15T23:35:47 EST" skipped="0">
  <testcase classname="AmazonWebpage.goSignUpPage3" name="goToSignupPage" time="12.022"/>
  <system-out/>
  <testcase classname="AmazonWebpage.goSignUpPage3" name="noSixCharactersTest" time="42.833"/>
  <system-out/>
</testsuite> <!-- AmazonWebpage.goSignUpPage3 -->
